<?xml version="1.0" encoding="UTF-8"?>
<!-- Generated by org.testng.reporters.JUnitXMLReporter -->
<testsuite ignored="29" hostname="DESKTOP-4EUGK2C" failures="1" tests="1" name="Default test" time="30.716" errors="0" timestamp="2024-06-01T09:53:46 IST">
  <testcase classname="Cases.TestCases" name="@AfterTest closeBrowser" time="0.031">
    <failure type="org.openqa.selenium.WebDriverException" message="java.io.IOException: Output closed
Build info: version: &amp;apos;4.20.0&amp;apos;, revision: &amp;apos;866c76ca80&amp;apos;
System info: os.name: &amp;apos;Windows 10&amp;apos;, os.arch: &amp;apos;amd64&amp;apos;, os.version: &amp;apos;10.0&amp;apos;, java.version: &amp;apos;21.0.2&amp;apos;
Driver info: driver.version: ChromiumDriver">
      <![CDATA[org.openqa.selenium.WebDriverException: java.io.IOException: Output closed
Build info: version: '4.20.0', revision: '866c76ca80'
System info: os.name: 'Windows 10', os.arch: 'amd64', os.version: '10.0', java.version: '21.0.2'
Driver info: driver.version: ChromiumDriver
at org.openqa.selenium.remote.http.jdk.JdkHttpClient$4.send(JdkHttpClient.java:298)
at org.openqa.selenium.remote.http.jdk.JdkHttpClient$4.close(JdkHttpClient.java:317)
at org.openqa.selenium.devtools.Connection.close(Connection.java:224)
at org.openqa.selenium.devtools.DevTools.close(DevTools.java:60)
at java.base/java.util.Optional.ifPresent(Optional.java:178)
at org.openqa.selenium.remote.RemoteWebDriver.quit(RemoteWebDriver.java:426)
at org.openqa.selenium.chromium.ChromiumDriver.quit(ChromiumDriver.java:432)
at Cases.TestCases.closeBrowser(TestCases.java:457)
at java.base/jdk.internal.reflect.DirectMethodHandleAccessor.invoke(DirectMethodHandleAccessor.java:103)
at java.base/java.lang.reflect.Method.invoke(Method.java:580)
at org.testng.internal.invokers.MethodInvocationHelper.invokeMethod(MethodInvocationHelper.java:139)
at org.testng.internal.invokers.MethodInvocationHelper.invokeMethodConsideringTimeout(MethodInvocationHelper.java:69)
at org.testng.internal.invokers.ConfigInvoker.invokeConfigurationMethod(ConfigInvoker.java:393)
at org.testng.internal.invokers.ConfigInvoker.invokeConfigurations(ConfigInvoker.java:326)
at org.testng.TestRunner.invokeTestConfigurations(TestRunner.java:661)
at org.testng.TestRunner.afterRun(TestRunner.java:904)
at org.testng.TestRunner.run(TestRunner.java:622)
at org.testng.SuiteRunner.runTest(SuiteRunner.java:443)
at org.testng.SuiteRunner.runSequentially(SuiteRunner.java:437)
at org.testng.SuiteRunner.privateRun(SuiteRunner.java:397)
at org.testng.SuiteRunner.run(SuiteRunner.java:336)
at org.testng.SuiteRunnerWorker.runSuite(SuiteRunnerWorker.java:52)
at org.testng.SuiteRunnerWorker.run(SuiteRunnerWorker.java:95)
at org.testng.TestNG.runSuitesSequentially(TestNG.java:1301)
at org.testng.TestNG.runSuitesLocally(TestNG.java:1228)
at org.testng.TestNG.runSuites(TestNG.java:1134)
at org.testng.TestNG.run(TestNG.java:1101)
at org.testng.remote.AbstractRemoteTestNG.run(AbstractRemoteTestNG.java:115)
at org.testng.remote.RemoteTestNG.initAndRun(RemoteTestNG.java:251)
at org.testng.remote.RemoteTestNG.main(RemoteTestNG.java:77)
Caused by: java.io.IOException: Output closed
at java.net.http/jdk.internal.net.http.websocket.WebSocketImpl.sendClose(WebSocketImpl.java:313)
at org.openqa.selenium.remote.http.jdk.JdkHttpClient$4.lambda$send$2(JdkHttpClient.java:277)
at org.openqa.selenium.remote.http.jdk.JdkHttpClient$4.send(JdkHttpClient.java:288)
... 29 more
]]>
    </failure>
  </testcase> <!-- @AfterTest closeBrowser -->
  <testcase classname="Cases.TestCases" name="addProductFromFitnessEquipmentAndVerifyThePriceOfIt" time="19.227">
    <failure type="org.openqa.selenium.NoSuchWindowException" message="no such window: target window already closed
from unknown error: web view not found
  (Session info: chrome=125.0.6422.112)
Build info: version: &amp;apos;4.20.0&amp;apos;, revision: &amp;apos;866c76ca80&amp;apos;
System info: os.name: &amp;apos;Windows 10&amp;apos;, os.arch: &amp;apos;amd64&amp;apos;, os.version: &amp;apos;10.0&amp;apos;, java.version: &amp;apos;21.0.2&amp;apos;
Driver info: org.openqa.selenium.chrome.ChromeDriver
Command: [c593d40029e78d3828d101794ea3fef7, findElement {using=xpath, value=//span[@id=&amp;apos;product-price-22&amp;apos;]}]
Capabilities {acceptInsecureCerts: false, browserName: chrome, browserVersion: 125.0.6422.112, chrome: {chromedriverVersion: 125.0.6422.141 (4b1e8393712..., userDataDir: C:\Users\dharm\AppData\Loca...}, fedcm:accounts: true, goog:chromeOptions: {debuggerAddress: localhost:14277}, networkConnectionEnabled: false, pageLoadStrategy: normal, platformName: windows, proxy: Proxy(), se:cdp: ws://localhost:14277/devtoo..., se:cdpVersion: 125.0.6422.112, setWindowRect: true, strictFileInteractability: false, timeouts: {implicit: 0, pageLoad: 300000, script: 30000}, unhandledPromptBehavior: dismiss and notify, webauthn:extension:credBlob: true, webauthn:extension:largeBlob: true, webauthn:extension:minPinLength: true, webauthn:extension:prf: true, webauthn:virtualAuthenticators: true}
Session ID: c593d40029e78d3828d101794ea3fef7">
      <![CDATA[org.openqa.selenium.NoSuchWindowException: no such window: target window already closed
from unknown error: web view not found
  (Session info: chrome=125.0.6422.112)
Build info: version: '4.20.0', revision: '866c76ca80'
System info: os.name: 'Windows 10', os.arch: 'amd64', os.version: '10.0', java.version: '21.0.2'
Driver info: org.openqa.selenium.chrome.ChromeDriver
Command: [c593d40029e78d3828d101794ea3fef7, findElement {using=xpath, value=//span[@id='product-price-22']}]
Capabilities {acceptInsecureCerts: false, browserName: chrome, browserVersion: 125.0.6422.112, chrome: {chromedriverVersion: 125.0.6422.141 (4b1e8393712..., userDataDir: C:\Users\dharm\AppData\Loca...}, fedcm:accounts: true, goog:chromeOptions: {debuggerAddress: localhost:14277}, networkConnectionEnabled: false, pageLoadStrategy: normal, platformName: windows, proxy: Proxy(), se:cdp: ws://localhost:14277/devtoo..., se:cdpVersion: 125.0.6422.112, setWindowRect: true, strictFileInteractability: false, timeouts: {implicit: 0, pageLoad: 300000, script: 30000}, unhandledPromptBehavior: dismiss and notify, webauthn:extension:credBlob: true, webauthn:extension:largeBlob: true, webauthn:extension:minPinLength: true, webauthn:extension:prf: true, webauthn:virtualAuthenticators: true}
Session ID: c593d40029e78d3828d101794ea3fef7
at java.base/jdk.internal.reflect.DirectConstructorHandleAccessor.newInstance(DirectConstructorHandleAccessor.java:62)
at java.base/java.lang.reflect.Constructor.newInstanceWithCaller(Constructor.java:502)
at java.base/java.lang.reflect.Constructor.newInstance(Constructor.java:486)
at org.openqa.selenium.remote.ErrorCodec.decode(ErrorCodec.java:167)
at org.openqa.selenium.remote.codec.w3c.W3CHttpResponseCodec.decode(W3CHttpResponseCodec.java:138)
at org.openqa.selenium.remote.codec.w3c.W3CHttpResponseCodec.decode(W3CHttpResponseCodec.java:50)
at org.openqa.selenium.remote.HttpCommandExecutor.execute(HttpCommandExecutor.java:190)
at org.openqa.selenium.remote.service.DriverCommandExecutor.invokeExecute(DriverCommandExecutor.java:216)
at org.openqa.selenium.remote.service.DriverCommandExecutor.execute(DriverCommandExecutor.java:174)
at org.openqa.selenium.remote.RemoteWebDriver.execute(RemoteWebDriver.java:518)
at org.openqa.selenium.remote.ElementLocation$ElementFinder$2.findElement(ElementLocation.java:165)
at org.openqa.selenium.remote.ElementLocation.findElement(ElementLocation.java:59)
at org.openqa.selenium.remote.RemoteWebDriver.findElement(RemoteWebDriver.java:355)
at org.openqa.selenium.remote.RemoteWebDriver.findElement(RemoteWebDriver.java:349)
at Pages.Gear.verifyThePriceOfSpriteFoamRoller(Gear.java:65)
at Cases.TestCases.addProductFromFitnessEquipmentAndVerifyThePriceOfIt(TestCases.java:381)
at java.base/jdk.internal.reflect.DirectMethodHandleAccessor.invoke(DirectMethodHandleAccessor.java:103)
at java.base/java.lang.reflect.Method.invoke(Method.java:580)
at org.testng.internal.invokers.MethodInvocationHelper.invokeMethod(MethodInvocationHelper.java:139)
at org.testng.internal.invokers.TestInvoker.invokeMethod(TestInvoker.java:664)
at org.testng.internal.invokers.TestInvoker.invokeTestMethod(TestInvoker.java:228)
at org.testng.internal.invokers.MethodRunner.runInSequence(MethodRunner.java:63)
at org.testng.internal.invokers.TestInvoker$MethodInvocationAgent.invoke(TestInvoker.java:961)
at org.testng.internal.invokers.TestInvoker.invokeTestMethods(TestInvoker.java:201)
at org.testng.internal.invokers.TestMethodWorker.invokeTestMethods(TestMethodWorker.java:148)
at org.testng.internal.invokers.TestMethodWorker.run(TestMethodWorker.java:128)
at java.base/java.util.ArrayList.forEach(ArrayList.java:1596)
at org.testng.TestRunner.privateRun(TestRunner.java:819)
at org.testng.TestRunner.run(TestRunner.java:619)
at org.testng.SuiteRunner.runTest(SuiteRunner.java:443)
at org.testng.SuiteRunner.runSequentially(SuiteRunner.java:437)
at org.testng.SuiteRunner.privateRun(SuiteRunner.java:397)
at org.testng.SuiteRunner.run(SuiteRunner.java:336)
at org.testng.SuiteRunnerWorker.runSuite(SuiteRunnerWorker.java:52)
at org.testng.SuiteRunnerWorker.run(SuiteRunnerWorker.java:95)
at org.testng.TestNG.runSuitesSequentially(TestNG.java:1301)
at org.testng.TestNG.runSuitesLocally(TestNG.java:1228)
at org.testng.TestNG.runSuites(TestNG.java:1134)
at org.testng.TestNG.run(TestNG.java:1101)
at org.testng.remote.AbstractRemoteTestNG.run(AbstractRemoteTestNG.java:115)
at org.testng.remote.RemoteTestNG.initAndRun(RemoteTestNG.java:251)
at org.testng.remote.RemoteTestNG.main(RemoteTestNG.java:77)
]]>
    </failure>
  </testcase> <!-- addProductFromFitnessEquipmentAndVerifyThePriceOfIt -->
  <testcase classname="Cases.TestCases" name="provideShippingDetailsAndPayForProductsInCart" time="0.0">
    <ignored/>
  </testcase> <!-- provideShippingDetailsAndPayForProductsInCart -->
  <testcase classname="Cases.TestCases" name="selectProductInJacketInStyleDropDown" time="0.0">
    <ignored/>
  </testcase> <!-- selectProductInJacketInStyleDropDown -->
  <testcase classname="Cases.TestCases" name="createAnAccount" time="0.0">
    <ignored/>
  </testcase> <!-- createAnAccount -->
  <testcase classname="Cases.TestCases" name="clickOnWhatsNewThenClickJacketAndAddProduct" time="0.0">
    <ignored/>
  </testcase> <!-- clickOnWhatsNewThenClickJacketAndAddProduct -->
  <testcase classname="Cases.TestCases" name="clickOnWomenAndAddProductToCart" time="0.0">
    <ignored/>
  </testcase> <!-- clickOnWomenAndAddProductToCart -->
  <testcase classname="Cases.TestCases" name="addProductFromWomensSaleAfterSortingByPrice" time="0.0">
    <ignored/>
  </testcase> <!-- addProductFromWomensSaleAfterSortingByPrice -->
  <testcase classname="Cases.TestCases" name="addProductFromMensDealWithPrice20DollarPriceRange" time="0.0">
    <ignored/>
  </testcase> <!-- addProductFromMensDealWithPrice20DollarPriceRange -->
  <testcase classname="Cases.TestCases" name="selectPantsInCategoryDropDownAndAddProductInCart" time="0.0">
    <ignored/>
  </testcase> <!-- selectPantsInCategoryDropDownAndAddProductInCart -->
  <testcase classname="Cases.TestCases" name="createAnAccountWithoutLastName" time="0.0">
    <ignored/>
  </testcase> <!-- createAnAccountWithoutLastName -->
  <testcase classname="Cases.TestCases" name="addProductAfterSortingByProductsName" time="0.0">
    <ignored/>
  </testcase> <!-- addProductAfterSortingByProductsName -->
  <testcase classname="Cases.TestCases" name="addProductFromWomensDeal" time="0.0">
    <ignored/>
  </testcase> <!-- addProductFromWomensDeal -->
  <testcase classname="Cases.TestCases" name="addProductFromTankInCategoryDropDown" time="0.0">
    <ignored/>
  </testcase> <!-- addProductFromTankInCategoryDropDown -->
  <testcase classname="Cases.TestCases" name="addProductPresentOnPage2InBottomsMen" time="0.0">
    <ignored/>
  </testcase> <!-- addProductPresentOnPage2InBottomsMen -->
  <testcase classname="Cases.TestCases" name="selectLeggingsInStyleAndCottonInMaterialDropDownAndAddProductToCart" time="0.0">
    <ignored/>
  </testcase> <!-- selectLeggingsInStyleAndCottonInMaterialDropDownAndAddProductToCart -->
  <testcase classname="Cases.TestCases" name="clickOnMensDealAndAProduct" time="0.0">
    <ignored/>
  </testcase> <!-- clickOnMensDealAndAProduct -->
  <testcase classname="Cases.TestCases" name="signInWithoutPassword" time="0.0">
    <ignored/>
  </testcase> <!-- signInWithoutPassword -->
  <testcase classname="Cases.TestCases" name="addProductFromHoddedInStyleDropDown" time="0.0">
    <ignored/>
  </testcase> <!-- addProductFromHoddedInStyleDropDown -->
  <testcase classname="Cases.TestCases" name="selectYesInEcoCollectionDropDownAndAddAProduct" time="0.0">
    <ignored/>
  </testcase> <!-- selectYesInEcoCollectionDropDownAndAddAProduct -->
  <testcase classname="Cases.TestCases" name="addHeroHoddieInCart" time="0.0">
    <ignored/>
  </testcase> <!-- addHeroHoddieInCart -->
  <testcase classname="Cases.TestCases" name="addProductWhereAllClimateInWeatherDropDownIsSelected" time="0.0">
    <ignored/>
  </testcase> <!-- addProductWhereAllClimateInWeatherDropDownIsSelected -->
  <testcase classname="Cases.TestCases" name="signInWithValidCredentials" time="0.0">
    <ignored/>
  </testcase> <!-- signInWithValidCredentials -->
  <testcase classname="Cases.TestCases" name="selectPriceInSortByDropDownAndAddProductInCart" time="0.0">
    <ignored/>
  </testcase> <!-- selectPriceInSortByDropDownAndAddProductInCart -->
  <testcase classname="Cases.TestCases" name="closeThePopUpOnGearPage" time="0.0">
    <ignored/>
  </testcase> <!-- closeThePopUpOnGearPage -->
  <testcase classname="Cases.TestCases" name="addProductWithRedColor" time="0.0">
    <ignored/>
  </testcase> <!-- addProductWithRedColor -->
  <testcase classname="Cases.TestCases" name="closeThePopUpOnTheHomePage" time="0.0">
    <ignored/>
  </testcase> <!-- closeThePopUpOnTheHomePage -->
  <testcase classname="Cases.TestCases" name="searchProductAndAddToCart" time="0.0">
    <ignored/>
  </testcase> <!-- searchProductAndAddToCart -->
  <testcase classname="Cases.TestCases" name="selectProductAddTOCartInTop50Women" time="0.0">
    <ignored/>
  </testcase> <!-- selectProductAddTOCartInTop50Women -->
  <testcase classname="Cases.TestCases" name="addProductAfterSortingByProductName" time="0.0">
    <ignored/>
  </testcase> <!-- addProductAfterSortingByProductName -->
  <testcase classname="Cases.TestCases" name="AddProductPresentOnGearPageAndVerify" time="0.0">
    <ignored/>
  </testcase> <!-- AddProductPresentOnGearPageAndVerify -->
</testsuite> <!-- Default test -->
